已經開始建置於 2016/10/19 下午 05:36:59。
     1>節點 2 (Build 目標) 上的專案 "F:\food_setting\shapeDescriptor\shapeDescriptor\shapeDescriptor.vcxproj"。
     1>ClCompile:
         F:\Program Files (x86)\Microsoft Visual Studio 11.0\VC\bin\x86_amd64\CL.exe /c /Zi /nologo /W3 /WX- /Od /D _MBCS /Gm /EHsc /RTC1 /MDd /GS /fp:precise /Zc:wchar_t /Zc:forScope /Fo"x64\Debug\\" /Fd"x64\Debug\vc110.pdb" /Gd /TP /errorReport:prompt descri.cpp
         descri.cpp
     1>c:\opencv\build\include\opencv2\flann\dist.h : warning C4819: 檔案含有無法在目前字碼頁 (950) 中表示的字元。請以 Unicode 格式儲存檔案以防止資料遺失
     1>C:\opencv\build\include\opencv2/legacy/compat.hpp : warning C4819: 檔案含有無法在目前字碼頁 (950) 中表示的字元。請以 Unicode 格式儲存檔案以防止資料遺失
     1>descri.cpp(118): warning C4244: '+=' : 將 'double' 轉換為 'float'，由於型別不同，可能導致資料遺失
     1>descri.cpp(131): warning C4267: '正在初始化' : 將 'size_t' 轉換為 'int'，資料可能遺失
     1>descri.cpp(135): warning C4267: '正在初始化' : 將 'size_t' 轉換為 'int'，資料可能遺失
     1>descri.cpp(170): warning C4267: '引數' : 將 'size_t' 轉換為 'int'，資料可能遺失
     1>descri.cpp(253): warning C4244: '=' : 將 'double' 轉換為 'float'，由於型別不同，可能導致資料遺失
     1>descri.cpp(254): warning C4244: '=' : 將 'double' 轉換為 'float'，由於型別不同，可能導致資料遺失
     1>descri.cpp(255): warning C4244: '=' : 將 'double' 轉換為 'float'，由於型別不同，可能導致資料遺失
     1>descri.cpp(267): warning C4244: '=' : 將 'double' 轉換為 'float'，由於型別不同，可能導致資料遺失
       Link:
         F:\Program Files (x86)\Microsoft Visual Studio 11.0\VC\bin\x86_amd64\link.exe /ERRORREPORT:PROMPT /OUT:"F:\food_setting\shapeDescriptor\x64\Debug\shapeDescriptor.exe" /INCREMENTAL /NOLOGO opencv_core247d.lib opencv_imgproc247d.lib opencv_highgui247d.lib opencv_ml247d.lib opencv_video247d.lib opencv_features2d247d.lib opencv_calib3d247d.lib opencv_objdetect247d.lib opencv_contrib247d.lib opencv_legacy247d.lib opencv_flann247d.lib opencv_nonfree247d.lib kernel32.lib user32.lib gdi32.lib winspool.lib comdlg32.lib advapi32.lib shell32.lib ole32.lib oleaut32.lib uuid.lib odbc32.lib odbccp32.lib /MANIFEST /MANIFESTUAC:"level='asInvoker' uiAccess='false'" /manifest:embed /DEBUG /PDB:"F:\food_setting\shapeDescriptor\x64\Debug\shapeDescriptor.pdb" /TLBID:1 /DYNAMICBASE /NXCOMPAT /IMPLIB:"F:\food_setting\shapeDescriptor\x64\Debug\shapeDescriptor.lib" /MACHINE:X64 x64\Debug\descri.obj
         x64\Debug\main.obj
         shapeDescriptor.vcxproj -> F:\food_setting\shapeDescriptor\x64\Debug\shapeDescriptor.exe
     1>專案 "F:\food_setting\shapeDescriptor\shapeDescriptor\shapeDescriptor.vcxproj" (Build 目標) 建置完成。

建置成功。

經過時間 00:00:02.03
